2026-04-20 20:06:58: Peer 1002 makes a connection to Peer 1001.
2026-04-20 20:07:02: Peer 1002 is unchoked by 1001.
2026-04-20 20:07:02: Peer 1002 has downloaded the piece 34 from 1001. Now the number of pieces it has is 1.
2026-04-20 20:07:02: Peer 1002 received the 'not interested' message from 1001.
2026-04-20 20:07:02: Peer 1002 has downloaded the piece 69 from 1001. Now the number of pieces it has is 2.
2026-04-20 20:07:02: Peer 1002 received the 'not interested' message from 1001.
2026-04-20 20:07:02: Peer 1002 has downloaded the piece 62 from 1001. Now the number of pieces it has is 3.
2026-04-20 20:07:02: Peer 1002 received the 'not interested' message from 1001.
2026-04-20 20:07:02: Peer 1002 has downloaded the piece 47 from 1001. Now the number of pieces it has is 4.
2026-04-20 20:07:02: Peer 1002 received the 'not interested' message from 1001.
2026-04-20 20:07:02: Peer 1002 has downloaded the piece 28 from 1001. Now the number of pieces it has is 5.
2026-04-20 20:07:02: Peer 1002 received the 'not interested' message from 1001.
2026-04-20 20:07:02: Peer 1002 has downloaded the piece 41 from 1001. Now the number of pieces it has is 6.
2026-04-20 20:07:02: Peer 1002 received the 'not interested' message from 1001.
2026-04-20 20:07:02: Peer 1002 has downloaded the piece 61 from 1001. Now the number of pieces it has is 7.
2026-04-20 20:07:02: Peer 1002 received the 'not interested' message from 1001.
2026-04-20 20:07:02: Peer 1002 has downloaded the piece 74 from 1001. Now the number of pieces it has is 8.
2026-04-20 20:07:02: Peer 1002 received the 'not interested' message from 1001.
2026-04-20 20:07:02: Peer 1002 has downloaded the piece 79 from 1001. Now the number of pieces it has is 9.
2026-04-20 20:07:02: Peer 1002 received the 'not interested' message from 1001.
2026-04-20 20:07:02: Peer 1002 has downloaded the piece 52 from 1001. Now the number of pieces it has is 10.
2026-04-20 20:07:02: Peer 1002 received the 'not interested' message from 1001.
2026-04-20 20:07:02: Peer 1002 has downloaded the piece 57 from 1001. Now the number of pieces it has is 11.
2026-04-20 20:07:02: Peer 1002 received the 'not interested' message from 1001.
2026-04-20 20:07:02: Peer 1002 has downloaded the piece 37 from 1001. Now the number of pieces it has is 12.
2026-04-20 20:07:02: Peer 1002 received the 'not interested' message from 1001.
2026-04-20 20:07:02: Peer 1002 has downloaded the piece 15 from 1001. Now the number of pieces it has is 13.
2026-04-20 20:07:02: Peer 1002 received the 'not interested' message from 1001.
2026-04-20 20:07:02: Peer 1002 has downloaded the piece 36 from 1001. Now the number of pieces it has is 14.
2026-04-20 20:07:02: Peer 1002 received the 'not interested' message from 1001.
2026-04-20 20:07:02: Peer 1002 has downloaded the piece 50 from 1001. Now the number of pieces it has is 15.
2026-04-20 20:07:02: Peer 1002 received the 'not interested' message from 1001.
2026-04-20 20:07:02: Peer 1002 has downloaded the piece 20 from 1001. Now the number of pieces it has is 16.
2026-04-20 20:07:02: Peer 1002 received the 'not interested' message from 1001.
2026-04-20 20:07:02: Peer 1002 has downloaded the piece 78 from 1001. Now the number of pieces it has is 17.
2026-04-20 20:07:02: Peer 1002 received the 'not interested' message from 1001.
2026-04-20 20:07:02: Peer 1002 has downloaded the piece 65 from 1001. Now the number of pieces it has is 18.
2026-04-20 20:07:02: Peer 1002 received the 'not interested' message from 1001.
2026-04-20 20:07:02: Peer 1002 has downloaded the piece 66 from 1001. Now the number of pieces it has is 19.
2026-04-20 20:07:02: Peer 1002 received the 'not interested' message from 1001.
2026-04-20 20:07:02: Peer 1002 has downloaded the piece 22 from 1001. Now the number of pieces it has is 20.
2026-04-20 20:07:02: Peer 1002 received the 'not interested' message from 1001.
2026-04-20 20:07:02: Peer 1002 has downloaded the piece 7 from 1001. Now the number of pieces it has is 21.
2026-04-20 20:07:02: Peer 1002 received the 'not interested' message from 1001.
2026-04-20 20:07:02: Peer 1002 has downloaded the piece 33 from 1001. Now the number of pieces it has is 22.
2026-04-20 20:07:02: Peer 1002 received the 'not interested' message from 1001.
2026-04-20 20:07:02: Peer 1002 has downloaded the piece 31 from 1001. Now the number of pieces it has is 23.
2026-04-20 20:07:02: Peer 1002 received the 'not interested' message from 1001.
2026-04-20 20:07:02: Peer 1002 has downloaded the piece 67 from 1001. Now the number of pieces it has is 24.
2026-04-20 20:07:02: Peer 1002 received the 'not interested' message from 1001.
2026-04-20 20:07:02: Peer 1002 has downloaded the piece 39 from 1001. Now the number of pieces it has is 25.
2026-04-20 20:07:02: Peer 1002 received the 'not interested' message from 1001.
2026-04-20 20:07:02: Peer 1002 has downloaded the piece 71 from 1001. Now the number of pieces it has is 26.
2026-04-20 20:07:02: Peer 1002 received the 'not interested' message from 1001.
2026-04-20 20:07:02: Peer 1002 has downloaded the piece 63 from 1001. Now the number of pieces it has is 27.
2026-04-20 20:07:02: Peer 1002 received the 'not interested' message from 1001.
2026-04-20 20:07:02: Peer 1002 has downloaded the piece 11 from 1001. Now the number of pieces it has is 28.
2026-04-20 20:07:02: Peer 1002 received the 'not interested' message from 1001.
2026-04-20 20:07:02: Peer 1002 has downloaded the piece 1 from 1001. Now the number of pieces it has is 29.
2026-04-20 20:07:02: Peer 1002 received the 'not interested' message from 1001.
2026-04-20 20:07:02: Peer 1002 has downloaded the piece 24 from 1001. Now the number of pieces it has is 30.
2026-04-20 20:07:02: Peer 1002 received the 'not interested' message from 1001.
2026-04-20 20:07:02: Peer 1002 has downloaded the piece 70 from 1001. Now the number of pieces it has is 31.
2026-04-20 20:07:02: Peer 1002 received the 'not interested' message from 1001.
2026-04-20 20:07:02: Peer 1002 has downloaded the piece 26 from 1001. Now the number of pieces it has is 32.
2026-04-20 20:07:02: Peer 1002 received the 'not interested' message from 1001.
2026-04-20 20:07:02: Peer 1002 has downloaded the piece 53 from 1001. Now the number of pieces it has is 33.
2026-04-20 20:07:02: Peer 1002 received the 'not interested' message from 1001.
2026-04-20 20:07:02: Peer 1002 has downloaded the piece 8 from 1001. Now the number of pieces it has is 34.
2026-04-20 20:07:02: Peer 1002 received the 'not interested' message from 1001.
2026-04-20 20:07:02: Peer 1002 has downloaded the piece 49 from 1001. Now the number of pieces it has is 35.
2026-04-20 20:07:02: Peer 1002 received the 'not interested' message from 1001.
2026-04-20 20:07:02: Peer 1002 has downloaded the piece 35 from 1001. Now the number of pieces it has is 36.
2026-04-20 20:07:02: Peer 1002 received the 'not interested' message from 1001.
2026-04-20 20:07:02: Peer 1002 has downloaded the piece 59 from 1001. Now the number of pieces it has is 37.
2026-04-20 20:07:02: Peer 1002 received the 'not interested' message from 1001.
2026-04-20 20:07:02: Peer 1002 has downloaded the piece 23 from 1001. Now the number of pieces it has is 38.
2026-04-20 20:07:02: Peer 1002 received the 'not interested' message from 1001.
2026-04-20 20:07:02: Peer 1002 has downloaded the piece 42 from 1001. Now the number of pieces it has is 39.
2026-04-20 20:07:02: Peer 1002 received the 'not interested' message from 1001.
2026-04-20 20:07:02: Peer 1002 has downloaded the piece 30 from 1001. Now the number of pieces it has is 40.
2026-04-20 20:07:02: Peer 1002 received the 'not interested' message from 1001.
2026-04-20 20:07:02: Peer 1002 has downloaded the piece 12 from 1001. Now the number of pieces it has is 41.
2026-04-20 20:07:02: Peer 1002 received the 'not interested' message from 1001.
2026-04-20 20:07:02: Peer 1002 has downloaded the piece 3 from 1001. Now the number of pieces it has is 42.
2026-04-20 20:07:02: Peer 1002 received the 'not interested' message from 1001.
2026-04-20 20:07:02: Peer 1002 has downloaded the piece 46 from 1001. Now the number of pieces it has is 43.
2026-04-20 20:07:02: Peer 1002 received the 'not interested' message from 1001.
2026-04-20 20:07:02: Peer 1002 has downloaded the piece 29 from 1001. Now the number of pieces it has is 44.
2026-04-20 20:07:02: Peer 1002 received the 'not interested' message from 1001.
2026-04-20 20:07:02: Peer 1002 has downloaded the piece 32 from 1001. Now the number of pieces it has is 45.
2026-04-20 20:07:02: Peer 1002 received the 'not interested' message from 1001.
2026-04-20 20:07:02: Peer 1002 has downloaded the piece 16 from 1001. Now the number of pieces it has is 46.
2026-04-20 20:07:02: Peer 1002 received the 'not interested' message from 1001.
2026-04-20 20:07:02: Peer 1002 has downloaded the piece 6 from 1001. Now the number of pieces it has is 47.
2026-04-20 20:07:02: Peer 1002 received the 'not interested' message from 1001.
2026-04-20 20:07:02: Peer 1002 has downloaded the piece 44 from 1001. Now the number of pieces it has is 48.
2026-04-20 20:07:02: Peer 1002 received the 'not interested' message from 1001.
2026-04-20 20:07:02: Peer 1002 has downloaded the piece 19 from 1001. Now the number of pieces it has is 49.
2026-04-20 20:07:02: Peer 1002 received the 'not interested' message from 1001.
2026-04-20 20:07:02: Peer 1002 has downloaded the piece 5 from 1001. Now the number of pieces it has is 50.
2026-04-20 20:07:02: Peer 1002 received the 'not interested' message from 1001.
2026-04-20 20:07:02: Peer 1002 has downloaded the piece 17 from 1001. Now the number of pieces it has is 51.
2026-04-20 20:07:02: Peer 1002 received the 'not interested' message from 1001.
2026-04-20 20:07:02: Peer 1002 has downloaded the piece 2 from 1001. Now the number of pieces it has is 52.
2026-04-20 20:07:02: Peer 1002 received the 'not interested' message from 1001.
2026-04-20 20:07:02: Peer 1002 has downloaded the piece 0 from 1001. Now the number of pieces it has is 53.
2026-04-20 20:07:02: Peer 1002 received the 'not interested' message from 1001.
2026-04-20 20:07:02: Peer 1002 has downloaded the piece 55 from 1001. Now the number of pieces it has is 54.
2026-04-20 20:07:02: Peer 1002 received the 'not interested' message from 1001.
2026-04-20 20:07:02: Peer 1002 has downloaded the piece 72 from 1001. Now the number of pieces it has is 55.
2026-04-20 20:07:02: Peer 1002 received the 'not interested' message from 1001.
2026-04-20 20:07:02: Peer 1002 has downloaded the piece 45 from 1001. Now the number of pieces it has is 56.
2026-04-20 20:07:02: Peer 1002 received the 'not interested' message from 1001.
2026-04-20 20:07:02: Peer 1002 has downloaded the piece 64 from 1001. Now the number of pieces it has is 57.
2026-04-20 20:07:02: Peer 1002 received the 'not interested' message from 1001.
2026-04-20 20:07:02: Peer 1002 has downloaded the piece 14 from 1001. Now the number of pieces it has is 58.
2026-04-20 20:07:02: Peer 1002 received the 'not interested' message from 1001.
2026-04-20 20:07:02: Peer 1002 has downloaded the piece 75 from 1001. Now the number of pieces it has is 59.
2026-04-20 20:07:02: Peer 1002 received the 'not interested' message from 1001.
2026-04-20 20:07:02: Peer 1002 has downloaded the piece 10 from 1001. Now the number of pieces it has is 60.
2026-04-20 20:07:02: Peer 1002 received the 'not interested' message from 1001.
2026-04-20 20:07:02: Peer 1002 has downloaded the piece 73 from 1001. Now the number of pieces it has is 61.
2026-04-20 20:07:02: Peer 1002 received the 'not interested' message from 1001.
2026-04-20 20:07:02: Peer 1002 has downloaded the piece 21 from 1001. Now the number of pieces it has is 62.
2026-04-20 20:07:02: Peer 1002 received the 'not interested' message from 1001.
2026-04-20 20:07:02: Peer 1002 has downloaded the piece 40 from 1001. Now the number of pieces it has is 63.
2026-04-20 20:07:02: Peer 1002 received the 'not interested' message from 1001.
2026-04-20 20:07:02: Peer 1002 has downloaded the piece 77 from 1001. Now the number of pieces it has is 64.
2026-04-20 20:07:02: Peer 1002 received the 'not interested' message from 1001.
2026-04-20 20:07:02: Peer 1002 has downloaded the piece 56 from 1001. Now the number of pieces it has is 65.
2026-04-20 20:07:02: Peer 1002 received the 'not interested' message from 1001.
2026-04-20 20:07:02: Peer 1002 has downloaded the piece 25 from 1001. Now the number of pieces it has is 66.
2026-04-20 20:07:02: Peer 1002 received the 'not interested' message from 1001.
2026-04-20 20:07:02: Peer 1002 has downloaded the piece 58 from 1001. Now the number of pieces it has is 67.
2026-04-20 20:07:02: Peer 1002 received the 'not interested' message from 1001.
2026-04-20 20:07:02: Peer 1002 has downloaded the piece 68 from 1001. Now the number of pieces it has is 68.
2026-04-20 20:07:02: Peer 1002 received the 'not interested' message from 1001.
2026-04-20 20:07:02: Peer 1002 has downloaded the piece 4 from 1001. Now the number of pieces it has is 69.
2026-04-20 20:07:02: Peer 1002 received the 'not interested' message from 1001.
2026-04-20 20:07:02: Peer 1002 has downloaded the piece 38 from 1001. Now the number of pieces it has is 70.
2026-04-20 20:07:02: Peer 1002 received the 'not interested' message from 1001.
2026-04-20 20:07:02: Peer 1002 has downloaded the piece 51 from 1001. Now the number of pieces it has is 71.
2026-04-20 20:07:02: Peer 1002 received the 'not interested' message from 1001.
2026-04-20 20:07:02: Peer 1002 has downloaded the piece 48 from 1001. Now the number of pieces it has is 72.
2026-04-20 20:07:02: Peer 1002 received the 'not interested' message from 1001.
2026-04-20 20:07:02: Peer 1002 has downloaded the piece 60 from 1001. Now the number of pieces it has is 73.
2026-04-20 20:07:02: Peer 1002 received the 'not interested' message from 1001.
2026-04-20 20:07:02: Peer 1002 has downloaded the piece 13 from 1001. Now the number of pieces it has is 74.
2026-04-20 20:07:02: Peer 1002 received the 'not interested' message from 1001.
2026-04-20 20:07:02: Peer 1002 has downloaded the piece 18 from 1001. Now the number of pieces it has is 75.
2026-04-20 20:07:02: Peer 1002 received the 'not interested' message from 1001.
2026-04-20 20:07:02: Peer 1002 has downloaded the piece 76 from 1001. Now the number of pieces it has is 76.
2026-04-20 20:07:02: Peer 1002 received the 'not interested' message from 1001.
2026-04-20 20:07:02: Peer 1002 has downloaded the piece 43 from 1001. Now the number of pieces it has is 77.
2026-04-20 20:07:02: Peer 1002 received the 'not interested' message from 1001.
2026-04-20 20:07:02: Peer 1002 has downloaded the piece 9 from 1001. Now the number of pieces it has is 78.
2026-04-20 20:07:02: Peer 1002 received the 'not interested' message from 1001.
2026-04-20 20:07:02: Peer 1002 has downloaded the piece 27 from 1001. Now the number of pieces it has is 79.
2026-04-20 20:07:02: Peer 1002 received the 'not interested' message from 1001.
2026-04-20 20:07:02: Peer 1002 has downloaded the piece 54 from 1001. Now the number of pieces it has is 80.
2026-04-20 20:07:02: Peer 1002 has downloaded the complete file.
2026-04-20 20:07:02: Peer 1002 received the 'not interested' message from 1001.
2026-04-20 20:07:03: Peer 1002 has the preferred neighbors .
2026-04-20 20:07:07: Peer 1002 is choked by 1001.
2026-04-20 20:07:08: Peer 1002 has the preferred neighbors .
2026-04-20 20:07:13: Peer 1002 has the preferred neighbors .
2026-04-20 20:07:18: Peer 1002 has the preferred neighbors .
2026-04-20 20:07:23: Peer 1002 has the preferred neighbors .
2026-04-20 20:07:26: Peer 1002 is connected from Peer 1003.
2026-04-20 20:07:26: Peer 1002 received the 'interested' message from 1003.
2026-04-20 20:07:27: Peer 1002 received the 'have' message from 1003 for the piece 27.
2026-04-20 20:07:27: Peer 1002 received the 'have' message from 1003 for the piece 22.
2026-04-20 20:07:27: Peer 1002 received the 'have' message from 1003 for the piece 71.
2026-04-20 20:07:27: Peer 1002 received the 'have' message from 1003 for the piece 48.
2026-04-20 20:07:27: Peer 1002 received the 'have' message from 1003 for the piece 5.
2026-04-20 20:07:27: Peer 1002 received the 'have' message from 1003 for the piece 51.
2026-04-20 20:07:27: Peer 1002 received the 'have' message from 1003 for the piece 6.
2026-04-20 20:07:27: Peer 1002 received the 'have' message from 1003 for the piece 74.
2026-04-20 20:07:27: Peer 1002 received the 'have' message from 1003 for the piece 24.
2026-04-20 20:07:27: Peer 1002 received the 'have' message from 1003 for the piece 52.
2026-04-20 20:07:27: Peer 1002 received the 'have' message from 1003 for the piece 70.
2026-04-20 20:07:27: Peer 1002 received the 'have' message from 1003 for the piece 15.
2026-04-20 20:07:27: Peer 1002 received the 'have' message from 1003 for the piece 58.
2026-04-20 20:07:27: Peer 1002 received the 'have' message from 1003 for the piece 59.
2026-04-20 20:07:27: Peer 1002 received the 'have' message from 1003 for the piece 0.
2026-04-20 20:07:27: Peer 1002 received the 'have' message from 1003 for the piece 73.
2026-04-20 20:07:27: Peer 1002 received the 'have' message from 1003 for the piece 16.
2026-04-20 20:07:27: Peer 1002 received the 'have' message from 1003 for the piece 76.
2026-04-20 20:07:27: Peer 1002 received the 'have' message from 1003 for the piece 42.
2026-04-20 20:07:27: Peer 1002 received the 'have' message from 1003 for the piece 53.
2026-04-20 20:07:27: Peer 1002 received the 'have' message from 1003 for the piece 61.
2026-04-20 20:07:27: Peer 1002 received the 'have' message from 1003 for the piece 55.
2026-04-20 20:07:27: Peer 1002 received the 'have' message from 1003 for the piece 23.
2026-04-20 20:07:27: Peer 1002 received the 'have' message from 1003 for the piece 4.
2026-04-20 20:07:27: Peer 1002 received the 'have' message from 1003 for the piece 9.
2026-04-20 20:07:27: Peer 1002 received the 'have' message from 1003 for the piece 17.
2026-04-20 20:07:27: Peer 1002 received the 'have' message from 1003 for the piece 13.
2026-04-20 20:07:27: Peer 1002 received the 'have' message from 1003 for the piece 60.
2026-04-20 20:07:27: Peer 1002 received the 'have' message from 1003 for the piece 72.
2026-04-20 20:07:27: Peer 1002 received the 'have' message from 1003 for the piece 28.
2026-04-20 20:07:27: Peer 1002 received the 'have' message from 1003 for the piece 78.
2026-04-20 20:07:27: Peer 1002 received the 'have' message from 1003 for the piece 30.
2026-04-20 20:07:27: Peer 1002 received the 'have' message from 1003 for the piece 45.
2026-04-20 20:07:27: Peer 1002 received the 'have' message from 1003 for the piece 68.
2026-04-20 20:07:27: Peer 1002 received the 'have' message from 1003 for the piece 10.
2026-04-20 20:07:27: Peer 1002 received the 'have' message from 1003 for the piece 67.
2026-04-20 20:07:27: Peer 1002 received the 'have' message from 1003 for the piece 1.
2026-04-20 20:07:27: Peer 1002 received the 'have' message from 1003 for the piece 54.
2026-04-20 20:07:27: Peer 1002 received the 'have' message from 1003 for the piece 31.
2026-04-20 20:07:27: Peer 1002 received the 'have' message from 1003 for the piece 63.
2026-04-20 20:07:27: Peer 1002 received the 'have' message from 1003 for the piece 20.
2026-04-20 20:07:27: Peer 1002 received the 'have' message from 1003 for the piece 7.
2026-04-20 20:07:27: Peer 1002 received the 'have' message from 1003 for the piece 50.
2026-04-20 20:07:27: Peer 1002 received the 'have' message from 1003 for the piece 18.
2026-04-20 20:07:27: Peer 1002 received the 'have' message from 1003 for the piece 62.
2026-04-20 20:07:27: Peer 1002 received the 'have' message from 1003 for the piece 77.
2026-04-20 20:07:27: Peer 1002 received the 'have' message from 1003 for the piece 57.
2026-04-20 20:07:27: Peer 1002 received the 'have' message from 1003 for the piece 44.
2026-04-20 20:07:27: Peer 1002 received the 'have' message from 1003 for the piece 34.
2026-04-20 20:07:27: Peer 1002 received the 'have' message from 1003 for the piece 3.
2026-04-20 20:07:27: Peer 1002 received the 'have' message from 1003 for the piece 56.
2026-04-20 20:07:27: Peer 1002 received the 'have' message from 1003 for the piece 32.
2026-04-20 20:07:27: Peer 1002 received the 'have' message from 1003 for the piece 40.
2026-04-20 20:07:27: Peer 1002 received the 'have' message from 1003 for the piece 29.
2026-04-20 20:07:27: Peer 1002 received the 'have' message from 1003 for the piece 2.
2026-04-20 20:07:27: Peer 1002 received the 'have' message from 1003 for the piece 46.
2026-04-20 20:07:27: Peer 1002 received the 'have' message from 1003 for the piece 37.
2026-04-20 20:07:27: Peer 1002 received the 'have' message from 1003 for the piece 64.
2026-04-20 20:07:27: Peer 1002 received the 'have' message from 1003 for the piece 39.
2026-04-20 20:07:27: Peer 1002 received the 'have' message from 1003 for the piece 19.
2026-04-20 20:07:27: Peer 1002 received the 'have' message from 1003 for the piece 25.
2026-04-20 20:07:27: Peer 1002 received the 'have' message from 1003 for the piece 66.
2026-04-20 20:07:27: Peer 1002 received the 'have' message from 1003 for the piece 11.
2026-04-20 20:07:27: Peer 1002 received the 'have' message from 1003 for the piece 79.
2026-04-20 20:07:27: Peer 1002 received the 'have' message from 1003 for the piece 36.
2026-04-20 20:07:27: Peer 1002 received the 'have' message from 1003 for the piece 43.
2026-04-20 20:07:27: Peer 1002 received the 'have' message from 1003 for the piece 35.
2026-04-20 20:07:27: Peer 1002 received the 'have' message from 1003 for the piece 26.
2026-04-20 20:07:27: Peer 1002 received the 'have' message from 1003 for the piece 49.
2026-04-20 20:07:27: Peer 1002 received the 'have' message from 1003 for the piece 69.
2026-04-20 20:07:27: Peer 1002 received the 'have' message from 1003 for the piece 8.
2026-04-20 20:07:27: Peer 1002 received the 'have' message from 1003 for the piece 41.
2026-04-20 20:07:27: Peer 1002 received the 'have' message from 1003 for the piece 33.
2026-04-20 20:07:27: Peer 1002 received the 'have' message from 1003 for the piece 65.
2026-04-20 20:07:27: Peer 1002 received the 'have' message from 1003 for the piece 75.
2026-04-20 20:07:27: Peer 1002 received the 'have' message from 1003 for the piece 38.
2026-04-20 20:07:27: Peer 1002 received the 'have' message from 1003 for the piece 21.
2026-04-20 20:07:27: Peer 1002 received the 'have' message from 1003 for the piece 14.
2026-04-20 20:07:27: Peer 1002 received the 'have' message from 1003 for the piece 12.
2026-04-20 20:07:27: Peer 1002 received the 'have' message from 1003 for the piece 47.
2026-04-20 20:07:28: Peer 1002 has the preferred neighbors 1003.
2026-04-20 20:07:28: Peer 1002 has the optimistically unchoked neighbor 1003.
2026-04-20 20:07:33: Peer 1002 has the preferred neighbors 1003.
2026-04-20 20:07:38: Peer 1002 has the preferred neighbors 1003.
2026-04-20 20:07:43: Peer 1002 has the preferred neighbors 1003.
