2026-04-20 21:04:42: Peer 1001 is connected from Peer 1002.
2026-04-20 21:04:42: Peer 1001 received the 'interested' message from 1002.
2026-04-20 21:04:43: Peer 1001 has the preferred neighbors 1002.
2026-04-20 21:04:43: Peer 1001 received the 'have' message from 1002 for the piece 45.
2026-04-20 21:04:43: Peer 1001 received the 'interested' message from 1002.
2026-04-20 21:04:43: Peer 1001 received the 'have' message from 1002 for the piece 42.
2026-04-20 21:04:43: Peer 1001 received the 'interested' message from 1002.
2026-04-20 21:04:43: Peer 1001 received the 'have' message from 1002 for the piece 16.
2026-04-20 21:04:43: Peer 1001 received the 'interested' message from 1002.
2026-04-20 21:04:43: Peer 1001 received the 'have' message from 1002 for the piece 78.
2026-04-20 21:04:43: Peer 1001 received the 'interested' message from 1002.
2026-04-20 21:04:43: Peer 1001 received the 'have' message from 1002 for the piece 71.
2026-04-20 21:04:43: Peer 1001 received the 'interested' message from 1002.
2026-04-20 21:04:43: Peer 1001 received the 'have' message from 1002 for the piece 61.
2026-04-20 21:04:43: Peer 1001 received the 'interested' message from 1002.
2026-04-20 21:04:43: Peer 1001 received the 'have' message from 1002 for the piece 44.
2026-04-20 21:04:43: Peer 1001 received the 'interested' message from 1002.
2026-04-20 21:04:43: Peer 1001 received the 'have' message from 1002 for the piece 27.
2026-04-20 21:04:43: Peer 1001 received the 'interested' message from 1002.
2026-04-20 21:04:43: Peer 1001 received the 'have' message from 1002 for the piece 41.
2026-04-20 21:04:43: Peer 1001 received the 'interested' message from 1002.
2026-04-20 21:04:43: Peer 1001 received the 'have' message from 1002 for the piece 25.
2026-04-20 21:04:43: Peer 1001 received the 'interested' message from 1002.
2026-04-20 21:04:43: Peer 1001 received the 'have' message from 1002 for the piece 0.
2026-04-20 21:04:43: Peer 1001 received the 'interested' message from 1002.
2026-04-20 21:04:43: Peer 1001 received the 'have' message from 1002 for the piece 69.
2026-04-20 21:04:43: Peer 1001 received the 'interested' message from 1002.
2026-04-20 21:04:43: Peer 1001 received the 'have' message from 1002 for the piece 54.
2026-04-20 21:04:43: Peer 1001 received the 'interested' message from 1002.
2026-04-20 21:04:43: Peer 1001 received the 'have' message from 1002 for the piece 63.
2026-04-20 21:04:43: Peer 1001 received the 'interested' message from 1002.
2026-04-20 21:04:43: Peer 1001 received the 'have' message from 1002 for the piece 22.
2026-04-20 21:04:43: Peer 1001 received the 'interested' message from 1002.
2026-04-20 21:04:43: Peer 1001 received the 'have' message from 1002 for the piece 30.
2026-04-20 21:04:43: Peer 1001 received the 'interested' message from 1002.
2026-04-20 21:04:43: Peer 1001 received the 'have' message from 1002 for the piece 14.
2026-04-20 21:04:43: Peer 1001 received the 'interested' message from 1002.
2026-04-20 21:04:43: Peer 1001 received the 'have' message from 1002 for the piece 40.
2026-04-20 21:04:43: Peer 1001 received the 'interested' message from 1002.
2026-04-20 21:04:43: Peer 1001 received the 'have' message from 1002 for the piece 19.
2026-04-20 21:04:43: Peer 1001 received the 'interested' message from 1002.
2026-04-20 21:04:43: Peer 1001 received the 'have' message from 1002 for the piece 12.
2026-04-20 21:04:43: Peer 1001 received the 'interested' message from 1002.
2026-04-20 21:04:43: Peer 1001 received the 'have' message from 1002 for the piece 73.
2026-04-20 21:04:43: Peer 1001 received the 'interested' message from 1002.
2026-04-20 21:04:43: Peer 1001 received the 'have' message from 1002 for the piece 5.
2026-04-20 21:04:43: Peer 1001 received the 'interested' message from 1002.
2026-04-20 21:04:43: Peer 1001 received the 'have' message from 1002 for the piece 59.
2026-04-20 21:04:43: Peer 1001 received the 'interested' message from 1002.
2026-04-20 21:04:43: Peer 1001 received the 'have' message from 1002 for the piece 20.
2026-04-20 21:04:43: Peer 1001 received the 'interested' message from 1002.
2026-04-20 21:04:43: Peer 1001 received the 'have' message from 1002 for the piece 52.
2026-04-20 21:04:43: Peer 1001 received the 'interested' message from 1002.
2026-04-20 21:04:44: Peer 1001 received the 'have' message from 1002 for the piece 7.
2026-04-20 21:04:44: Peer 1001 received the 'interested' message from 1002.
2026-04-20 21:04:44: Peer 1001 received the 'have' message from 1002 for the piece 11.
2026-04-20 21:04:44: Peer 1001 received the 'interested' message from 1002.
2026-04-20 21:04:44: Peer 1001 received the 'have' message from 1002 for the piece 53.
2026-04-20 21:04:44: Peer 1001 received the 'interested' message from 1002.
2026-04-20 21:04:44: Peer 1001 received the 'have' message from 1002 for the piece 72.
2026-04-20 21:04:44: Peer 1001 received the 'interested' message from 1002.
2026-04-20 21:04:44: Peer 1001 received the 'have' message from 1002 for the piece 64.
2026-04-20 21:04:44: Peer 1001 received the 'interested' message from 1002.
2026-04-20 21:04:44: Peer 1001 received the 'have' message from 1002 for the piece 2.
2026-04-20 21:04:44: Peer 1001 received the 'interested' message from 1002.
2026-04-20 21:04:44: Peer 1001 received the 'have' message from 1002 for the piece 37.
2026-04-20 21:04:44: Peer 1001 received the 'interested' message from 1002.
2026-04-20 21:04:44: Peer 1001 received the 'have' message from 1002 for the piece 60.
2026-04-20 21:04:44: Peer 1001 received the 'interested' message from 1002.
2026-04-20 21:04:44: Peer 1001 received the 'have' message from 1002 for the piece 51.
2026-04-20 21:04:44: Peer 1001 received the 'interested' message from 1002.
2026-04-20 21:04:44: Peer 1001 received the 'have' message from 1002 for the piece 31.
2026-04-20 21:04:44: Peer 1001 received the 'interested' message from 1002.
2026-04-20 21:04:44: Peer 1001 received the 'have' message from 1002 for the piece 38.
2026-04-20 21:04:44: Peer 1001 received the 'interested' message from 1002.
2026-04-20 21:04:44: Peer 1001 received the 'have' message from 1002 for the piece 4.
2026-04-20 21:04:44: Peer 1001 received the 'interested' message from 1002.
2026-04-20 21:04:44: Peer 1001 received the 'have' message from 1002 for the piece 39.
2026-04-20 21:04:44: Peer 1001 received the 'interested' message from 1002.
2026-04-20 21:04:44: Peer 1001 received the 'have' message from 1002 for the piece 21.
2026-04-20 21:04:44: Peer 1001 received the 'interested' message from 1002.
2026-04-20 21:04:44: Peer 1001 received the 'have' message from 1002 for the piece 75.
2026-04-20 21:04:44: Peer 1001 received the 'interested' message from 1002.
2026-04-20 21:04:44: Peer 1001 received the 'have' message from 1002 for the piece 18.
2026-04-20 21:04:44: Peer 1001 received the 'interested' message from 1002.
2026-04-20 21:04:44: Peer 1001 received the 'have' message from 1002 for the piece 56.
2026-04-20 21:04:44: Peer 1001 received the 'interested' message from 1002.
2026-04-20 21:04:44: Peer 1001 received the 'have' message from 1002 for the piece 8.
2026-04-20 21:04:44: Peer 1001 received the 'interested' message from 1002.
2026-04-20 21:04:44: Peer 1001 received the 'have' message from 1002 for the piece 26.
2026-04-20 21:04:44: Peer 1001 received the 'interested' message from 1002.
2026-04-20 21:04:44: Peer 1001 received the 'have' message from 1002 for the piece 48.
2026-04-20 21:04:44: Peer 1001 received the 'interested' message from 1002.
2026-04-20 21:04:44: Peer 1001 received the 'have' message from 1002 for the piece 24.
2026-04-20 21:04:44: Peer 1001 received the 'interested' message from 1002.
2026-04-20 21:04:44: Peer 1001 received the 'have' message from 1002 for the piece 55.
2026-04-20 21:04:44: Peer 1001 received the 'interested' message from 1002.
2026-04-20 21:04:44: Peer 1001 received the 'have' message from 1002 for the piece 79.
2026-04-20 21:04:44: Peer 1001 received the 'interested' message from 1002.
2026-04-20 21:04:44: Peer 1001 received the 'have' message from 1002 for the piece 77.
2026-04-20 21:04:44: Peer 1001 received the 'interested' message from 1002.
2026-04-20 21:04:44: Peer 1001 received the 'have' message from 1002 for the piece 29.
2026-04-20 21:04:44: Peer 1001 received the 'interested' message from 1002.
2026-04-20 21:04:44: Peer 1001 received the 'have' message from 1002 for the piece 62.
2026-04-20 21:04:44: Peer 1001 received the 'interested' message from 1002.
2026-04-20 21:04:44: Peer 1001 received the 'have' message from 1002 for the piece 33.
2026-04-20 21:04:44: Peer 1001 received the 'interested' message from 1002.
2026-04-20 21:04:44: Peer 1001 received the 'have' message from 1002 for the piece 36.
2026-04-20 21:04:44: Peer 1001 received the 'interested' message from 1002.
2026-04-20 21:04:44: Peer 1001 received the 'have' message from 1002 for the piece 32.
2026-04-20 21:04:44: Peer 1001 received the 'interested' message from 1002.
2026-04-20 21:04:44: Peer 1001 received the 'have' message from 1002 for the piece 1.
2026-04-20 21:04:44: Peer 1001 received the 'interested' message from 1002.
2026-04-20 21:04:44: Peer 1001 received the 'have' message from 1002 for the piece 70.
2026-04-20 21:04:44: Peer 1001 received the 'interested' message from 1002.
2026-04-20 21:04:44: Peer 1001 received the 'have' message from 1002 for the piece 65.
2026-04-20 21:04:44: Peer 1001 received the 'interested' message from 1002.
2026-04-20 21:04:44: Peer 1001 received the 'have' message from 1002 for the piece 17.
2026-04-20 21:04:44: Peer 1001 received the 'interested' message from 1002.
2026-04-20 21:04:44: Peer 1001 received the 'have' message from 1002 for the piece 9.
2026-04-20 21:04:44: Peer 1001 received the 'interested' message from 1002.
2026-04-20 21:04:45: Peer 1001 received the 'have' message from 1002 for the piece 34.
2026-04-20 21:04:45: Peer 1001 received the 'interested' message from 1002.
2026-04-20 21:04:45: Peer 1001 received the 'have' message from 1002 for the piece 35.
2026-04-20 21:04:45: Peer 1001 received the 'interested' message from 1002.
2026-04-20 21:04:45: Peer 1001 received the 'have' message from 1002 for the piece 13.
2026-04-20 21:04:45: Peer 1001 received the 'interested' message from 1002.
2026-04-20 21:04:45: Peer 1001 received the 'have' message from 1002 for the piece 67.
2026-04-20 21:04:45: Peer 1001 received the 'interested' message from 1002.
2026-04-20 21:04:45: Peer 1001 received the 'have' message from 1002 for the piece 57.
2026-04-20 21:04:45: Peer 1001 received the 'interested' message from 1002.
2026-04-20 21:04:45: Peer 1001 received the 'have' message from 1002 for the piece 6.
2026-04-20 21:04:45: Peer 1001 received the 'interested' message from 1002.
2026-04-20 21:04:45: Peer 1001 received the 'have' message from 1002 for the piece 15.
2026-04-20 21:04:45: Peer 1001 received the 'interested' message from 1002.
2026-04-20 21:04:45: Peer 1001 received the 'have' message from 1002 for the piece 50.
2026-04-20 21:04:45: Peer 1001 received the 'interested' message from 1002.
2026-04-20 21:04:45: Peer 1001 received the 'have' message from 1002 for the piece 76.
2026-04-20 21:04:45: Peer 1001 received the 'interested' message from 1002.
2026-04-20 21:04:45: Peer 1001 received the 'have' message from 1002 for the piece 3.
2026-04-20 21:04:45: Peer 1001 received the 'interested' message from 1002.
2026-04-20 21:04:45: Peer 1001 received the 'have' message from 1002 for the piece 74.
2026-04-20 21:04:45: Peer 1001 received the 'interested' message from 1002.
2026-04-20 21:04:45: Peer 1001 received the 'have' message from 1002 for the piece 43.
2026-04-20 21:04:45: Peer 1001 received the 'interested' message from 1002.
2026-04-20 21:04:45: Peer 1001 received the 'have' message from 1002 for the piece 23.
2026-04-20 21:04:45: Peer 1001 received the 'interested' message from 1002.
2026-04-20 21:04:45: Peer 1001 received the 'have' message from 1002 for the piece 47.
2026-04-20 21:04:45: Peer 1001 received the 'interested' message from 1002.
2026-04-20 21:04:45: Peer 1001 received the 'have' message from 1002 for the piece 49.
2026-04-20 21:04:45: Peer 1001 received the 'interested' message from 1002.
2026-04-20 21:04:45: Peer 1001 received the 'have' message from 1002 for the piece 28.
2026-04-20 21:04:45: Peer 1001 received the 'interested' message from 1002.
2026-04-20 21:04:45: Peer 1001 received the 'have' message from 1002 for the piece 58.
2026-04-20 21:04:45: Peer 1001 received the 'interested' message from 1002.
2026-04-20 21:04:45: Peer 1001 received the 'have' message from 1002 for the piece 68.
2026-04-20 21:04:45: Peer 1001 received the 'interested' message from 1002.
2026-04-20 21:04:45: Peer 1001 received the 'have' message from 1002 for the piece 46.
2026-04-20 21:04:45: Peer 1001 received the 'interested' message from 1002.
2026-04-20 21:04:45: Peer 1001 received the 'have' message from 1002 for the piece 10.
2026-04-20 21:04:45: Peer 1001 received the 'interested' message from 1002.
2026-04-20 21:04:45: Peer 1001 received the 'have' message from 1002 for the piece 66.
2026-04-20 21:04:45: Peer 1001 received the 'not interested' message from 1002.
2026-04-20 21:04:48: Peer 1001 has the preferred neighbors .
2026-04-20 21:04:53: Peer 1001 has the preferred neighbors .
2026-04-20 21:04:58: Peer 1001 has the preferred neighbors .
2026-04-20 21:05:03: Peer 1001 has the preferred neighbors .
2026-04-20 21:05:08: Peer 1001 has the preferred neighbors .
2026-04-20 21:05:13: Peer 1001 has the preferred neighbors .
2026-04-20 21:05:18: Peer 1001 has the preferred neighbors .
2026-04-20 21:05:23: Peer 1001 has the preferred neighbors .
2026-04-20 21:05:28: Peer 1001 has the preferred neighbors .
